<?xml version="1.0" encoding="UTF-8"?>
<testng-results ignored="0" total="1" passed="1" failed="0" skipped="0">
  <reporter-output>
  </reporter-output>
  <suite started-at="2022-11-29T19:13:54 IST" name="Default suite" finished-at="2022-11-29T19:14:16 IST" duration-ms="21966">
    <groups>
    </groups>
    <test started-at="2022-11-29T19:13:54 IST" name="Default test" finished-at="2022-11-29T19:14:16 IST" duration-ms="21966">
      <class name="quickstart.Tests.DemoTest">
        <test-method is-config="true" signature="startTestSuite()[pri:0, instance:quickstart.Tests.DemoTest@7e07db1f]" started-at="2022-11-29T19:13:52 IST" name="startTestSuite" finished-at="2022-11-29T19:13:54 IST" duration-ms="1645" status="PASS">
          <reporter-output>
          </reporter-output>
        </test-method> <!-- startTestSuite -->
        <test-method is-config="true" signature="startTest(java.lang.reflect.Method)[pri:0, instance:quickstart.Tests.DemoTest@7e07db1f]" started-at="2022-11-29T19:13:54 IST" name="startTest" finished-at="2022-11-29T19:14:04 IST" duration-ms="10574" status="PASS">
          <params>
            <param index="0">
              <value>
                <![CDATA[public void quickstart.Tests.DemoTest.Booking() throws java.io.IOException]]>
              </value>
            </param>
          </params>
          <reporter-output>
          </reporter-output>
        </test-method> <!-- startTest -->
        <test-method signature="Booking()[pri:0, instance:quickstart.Tests.DemoTest@7e07db1f]" started-at="2022-11-29T19:14:04 IST" name="Booking" finished-at="2022-11-29T19:14:16 IST" duration-ms="11368" status="PASS">
          <reporter-output>
          </reporter-output>
        </test-method> <!-- Booking -->
        <test-method is-config="true" signature="endTest()[pri:0, instance:quickstart.Tests.DemoTest@7e07db1f]" started-at="2022-11-29T19:14:16 IST" name="endTest" finished-at="2022-11-29T19:14:16 IST" duration-ms="0" status="PASS">
          <reporter-output>
          </reporter-output>
        </test-method> <!-- endTest -->
        <test-method is-config="true" signature="endTestSuite()[pri:0, instance:quickstart.Tests.DemoTest@7e07db1f]" started-at="2022-11-29T19:14:16 IST" name="endTestSuite" finished-at="2022-11-29T19:14:16 IST" duration-ms="0" status="PASS">
          <reporter-output>
          </reporter-output>
        </test-method> <!-- endTestSuite -->
      </class> <!-- quickstart.Tests.DemoTest -->
    </test> <!-- Default test -->
  </suite> <!-- Default suite -->
</testng-results>
